Using pre-set license
Built from '2020.3/staging' branch; Version is '2020.3.21f1 (a38c86f6690f) revision 10718342'; Using compiler version '192528614'; Build Type 'Release'
OS: 'Windows 10 Home; OS build 18362.836; Version 1903; 64bit' Language: 'en' Physical Memory: 8071 MB
BatchMode: 1, IsHumanControllingUs: 0, StartBugReporterOnCrash: 0, Is64bit: 1, IsPro: 0

COMMAND LINE ARGUMENTS:
C:\Program Files\Unity\Hub\Editor\2020.3.21f1\Editor\Unity.exe
-adb2
-batchMode
-noUpm
-name
AssetImportWorker0
-projectPath
C:/Users/00ada/Documents/Unity/Card_Matching
-logFile
Logs/AssetImportWorker0.log
-srvPort
62912
Successfully changed project path to: C:/Users/00ada/Documents/Unity/Card_Matching
C:/Users/00ada/Documents/Unity/Card_Matching
Using Asset Import Pipeline V2.
Refreshing native plugins compatible for Editor in 72.54 ms, found 3 plugins.
Preloading 0 native plugins for Editor in 0.00 ms.
Initialize engine version: 2020.3.21f1 (a38c86f6690f)
[Subsystems] Discovering subsystems at path C:/Program Files/Unity/Hub/Editor/2020.3.21f1/Editor/Data/Resources/UnitySubsystems
[Subsystems] Discovering subsystems at path C:/Users/00ada/Documents/Unity/Card_Matching/Assets
GfxDevice: creating device client; threaded=0
Direct3D:
    Version:  Direct3D 11.0 [level 11.1]
    Renderer: Intel(R) UHD Graphics 620 (ID=0x5917)
    Vendor:   
    VRAM:     4035 MB
    Driver:   23.20.16.4973
Initialize mono
Mono path[0] = 'C:/Program Files/Unity/Hub/Editor/2020.3.21f1/Editor/Data/Managed'
Mono path[1] = 'C:/Program Files/Unity/Hub/Editor/2020.3.21f1/Editor/Data/MonoBleedingEdge/lib/mono/unityjit'
Mono config path = 'C:/Program Files/Unity/Hub/Editor/2020.3.21f1/Editor/Data/MonoBleedingEdge/etc'
Using monoOptions --debugger-agent=transport=dt_socket,embedding=1,server=y,suspend=n,address=127.0.0.1:56384
Begin MonoManager ReloadAssembly
Registering precompiled unity dll's ...
Register platform support module: C:/Program Files/Unity/Hub/Editor/2020.3.21f1/Editor/Data/PlaybackEngines/WindowsStandaloneSupport/UnityEditor.WindowsStandalone.Extensions.dll
Registered in 0.003137 seconds.
Native extension for WindowsStandalone target not found
Refreshing native plugins compatible for Editor in 55.66 ms, found 3 plugins.
Preloading 0 native plugins for Editor in 0.00 ms.
Mono: successfully reloaded assembly
- Completed reload, in  1.950 seconds
Domain Reload Profiling:
	ReloadAssembly (1950ms)
		BeginReloadAssembly (91ms)
			ExecutionOrderSort (0ms)
			DisableScriptedObjects (0ms)
			BackupInstance (0ms)
			ReleaseScriptingObjects (0ms)
			CreateAndSetChildDomain (1ms)
		EndReloadAssembly (629ms)
			LoadAssemblies (86ms)
			RebuildTransferFunctionScriptingTraits (0ms)
			SetupTypeCache (209ms)
			ReleaseScriptCaches (0ms)
			RebuildScriptCaches (39ms)
			SetupLoadedEditorAssemblies (232ms)
				LogAssemblyErrors (0ms)
				InitializePlatformSupportModulesInManaged (5ms)
				SetLoadedEditorAssemblies (0ms)
				RefreshPlugins (56ms)
				BeforeProcessingInitializeOnLoad (10ms)
				ProcessInitializeOnLoadAttributes (107ms)
				ProcessInitializeOnLoadMethodAttributes (53ms)
				AfterProcessingInitializeOnLoad (0ms)
				EditorAssembliesLoaded (0ms)
			ExecutionOrderSort2 (0ms)
			AwakeInstancesAfterBackupRestoration (0ms)
Platform modules already initialized, skipping
Registering precompiled user dll's ...
Registered in 0.008815 seconds.
Begin MonoManager ReloadAssembly
Native extension for WindowsStandalone target not found
Refreshing native plugins compatible for Editor in 74.02 ms, found 3 plugins.
Preloading 0 native plugins for Editor in 0.00 ms.
Mono: successfully reloaded assembly
- Completed reload, in  1.875 seconds
Domain Reload Profiling:
	ReloadAssembly (1877ms)
		BeginReloadAssembly (284ms)
			ExecutionOrderSort (0ms)
			DisableScriptedObjects (9ms)
			BackupInstance (0ms)
			ReleaseScriptingObjects (0ms)
			CreateAndSetChildDomain (33ms)
		EndReloadAssembly (1481ms)
			LoadAssemblies (166ms)
			RebuildTransferFunctionScriptingTraits (0ms)
			SetupTypeCache (574ms)
			ReleaseScriptCaches (0ms)
			RebuildScriptCaches (51ms)
			SetupLoadedEditorAssemblies (541ms)
				LogAssemblyErrors (0ms)
				InitializePlatformSupportModulesInManaged (10ms)
				SetLoadedEditorAssemblies (0ms)
				RefreshPlugins (74ms)
				BeforeProcessingInitializeOnLoad (98ms)
				ProcessInitializeOnLoadAttributes (293ms)
				ProcessInitializeOnLoadMethodAttributes (50ms)
				AfterProcessingInitializeOnLoad (15ms)
				EditorAssembliesLoaded (0ms)
			ExecutionOrderSort2 (0ms)
			AwakeInstancesAfterBackupRestoration (10ms)
Platform modules already initialized, skipping
========================================================================
Worker process is ready to serve import requests
Launched and connected shader compiler UnityShaderCompiler.exe after 0.33 seconds
Refreshing native plugins compatible for Editor in 0.67 ms, found 3 plugins.
Preloading 0 native plugins for Editor in 0.00 ms.
Unloading 2182 Unused Serialized files (Serialized files now loaded: 0)
System memory in use before: 95.4 MB.
System memory in use after: 95.5 MB.

Unloading 28 unused Assets to reduce memory usage. Loaded Objects now: 2615.
Total: 4.497800 ms (FindLiveObjects: 0.316800 ms CreateObjectMapping: 0.199800 ms MarkObjects: 3.885400 ms  DeleteObjects: 0.094500 ms)

AssetImportParameters requested are different than current active one (requested -> active):
  custom:framework-win-MediaFoundation: 216162199b28c13a410421893ffa2e32 -> 
  custom:video-decoder-ogg-theora: a1e56fd34408186e4bbccfd4996cb3dc -> 
  custom:container-muxer-webm: aa71ff27fc2769a1b78a27578f13a17b -> 
  custom:container-demuxer-webm: 4f35f7cbe854078d1ac9338744f61a02 -> 
  custom:container-demuxer-ogg: 62fdf1f143b41e24485cea50d1cbac27 -> 
  custom:video-encoder-webm-vp8: eb34c28f22e8b96e1ab97ce403110664 -> 
  custom:video-decoder-webm-vp8: 9c59270c3fd7afecdb556c50c9e8de78 -> 
  custom:audio-decoder-ogg-vorbis: bf7c407c2cedff20999df2af8eb42d56 -> 
  custom:audio-encoder-webm-vorbis: bf7c407c2cedff20999df2af8eb42d56 -> 
========================================================================
Received Import Request.
  path: Assets/5.png
  artifactKey: Guid(2e63b37d3a5d6f441ba14a790b7ec51f) Importer(815301076,1909f56bfc062723c751e8b465ee728b)
Start importing Assets/5.png using Guid(2e63b37d3a5d6f441ba14a790b7ec51f) Importer(815301076,1909f56bfc062723c751e8b465ee728b)  -> (artifact id: 'bfc5386f0a48c38ecf9f6bbd528dfb5a') in 0.517327 seconds 
  Import took 0.551186 seconds .

========================================================================
Received Import Request.
  Time since last request: 0.000294 seconds.
  path: Assets/4.png
  artifactKey: Guid(3508c19efddc9784cab5727a4aa67c0d) Importer(815301076,1909f56bfc062723c751e8b465ee728b)
Start importing Assets/4.png using Guid(3508c19efddc9784cab5727a4aa67c0d) Importer(815301076,1909f56bfc062723c751e8b465ee728b)  -> (artifact id: '50c52533069850a2d585775f4d94723b') in 0.072568 seconds 
  Import took 0.091837 seconds .

========================================================================
Received Import Request.
  Time since last request: 0.000233 seconds.
  path: Assets/1.png
  artifactKey: Guid(f1080efd12a2cd44c874aa7d606836d5) Importer(815301076,1909f56bfc062723c751e8b465ee728b)
Start importing Assets/1.png using Guid(f1080efd12a2cd44c874aa7d606836d5) Importer(815301076,1909f56bfc062723c751e8b465ee728b)  -> (artifact id: 'f1e590d42e2a7996b726029df6e94bb8') in 0.043911 seconds 
  Import took 0.073268 seconds .

========================================================================
Received Import Request.
  Time since last request: 0.000810 seconds.
  path: Assets/3.png
  artifactKey: Guid(0dac857461fc441428c6862c6a51af01) Importer(815301076,1909f56bfc062723c751e8b465ee728b)
Start importing Assets/3.png using Guid(0dac857461fc441428c6862c6a51af01) Importer(815301076,1909f56bfc062723c751e8b465ee728b)  -> (artifact id: '60a6e7f27906662084eb4bcb780a29e2') in 0.034177 seconds 
  Import took 0.043811 seconds .

========================================================================
Received Import Request.
  Time since last request: 0.000394 seconds.
  path: Assets/8.png
  artifactKey: Guid(b5148f3a93e12e64fb598764833c3cd0) Importer(815301076,1909f56bfc062723c751e8b465ee728b)
Start importing Assets/8.png using Guid(b5148f3a93e12e64fb598764833c3cd0) Importer(815301076,1909f56bfc062723c751e8b465ee728b)  -> (artifact id: '0888a97aa23398f7e2e5cfb5b63f5164') in 0.026904 seconds 
  Import took 0.033832 seconds .

========================================================================
Received Import Request.
  Time since last request: 0.000280 seconds.
  path: Assets/6.png
  artifactKey: Guid(0ed6555b4725b1647ba1d0d0d03b517c) Importer(815301076,1909f56bfc062723c751e8b465ee728b)
Start importing Assets/6.png using Guid(0ed6555b4725b1647ba1d0d0d03b517c) Importer(815301076,1909f56bfc062723c751e8b465ee728b)  -> (artifact id: 'd550a35239f6d0c781cf4270b4d5afa1') in 0.057583 seconds 
  Import took 0.062061 seconds .

========================================================================
Received Import Request.
  Time since last request: 0.000310 seconds.
  path: Assets/7.png
  artifactKey: Guid(ae00962e6be63a84db19e0f41c11eb07) Importer(815301076,1909f56bfc062723c751e8b465ee728b)
Start importing Assets/7.png using Guid(ae00962e6be63a84db19e0f41c11eb07) Importer(815301076,1909f56bfc062723c751e8b465ee728b)  -> (artifact id: 'c4b68223427526b174adf6f277e29dd9') in 0.028104 seconds 
  Import took 0.033228 seconds .

========================================================================
Received Import Request.
  Time since last request: 0.000207 seconds.
  path: Assets/0.png
  artifactKey: Guid(12203bb46f7d0694d888176d92a2212d) Importer(815301076,1909f56bfc062723c751e8b465ee728b)
Start importing Assets/0.png using Guid(12203bb46f7d0694d888176d92a2212d) Importer(815301076,1909f56bfc062723c751e8b465ee728b)  -> (artifact id: '8e12f36ab785f97fe261021a2ea80b2e') in 0.029182 seconds 
  Import took 0.034141 seconds .

========================================================================
Received Import Request.
  Time since last request: 0.000358 seconds.
  path: Assets/2.png
  artifactKey: Guid(4327fcab1c8022d4b832f950fc6ab840) Importer(815301076,1909f56bfc062723c751e8b465ee728b)
Start importing Assets/2.png using Guid(4327fcab1c8022d4b832f950fc6ab840) Importer(815301076,1909f56bfc062723c751e8b465ee728b)  -> (artifact id: '921aef07b5388a0002adebf08c777b91') in 0.029841 seconds 
  Import took 0.035482 seconds .

AssetImportWorkerClient::OnTransportError - code=2 error=End of file
